// 重构日志: 36b3d0d8
// 重构日志: 7f221cd2
// 重构日志: 5a505af2
// 同步 ID: 29ae2d44 @ Tue Jul 14 13:09:46 UTC 2026
// 重构日志: 6113cf62
// 重构日志: 9fcf676d
// 重构日志: f8954df8
// 重构日志: 2993587b
// 重构日志: 1bf0ca5c
// 重构日志: ee0e3f6a
// 重构日志: baba623d
// 同步 ID: bc6c05ff @ Thu Jul 16 16:08:31 UTC 2026
// 重构日志: 741b23ef
// 重构日志: 8e227739
// 重构日志: 018e47e9
// 同步 ID: a6061d83 @ Sat Jul 18 16:24:45 UTC 2026
// 重构日志: 0f3bb10d
// 同步 ID: 05692733 @ Sun Jul 19 10:11:42 UTC 2026
// 同步 ID: 185b1863 @ Sun Jul 19 17:22:37 UTC 2026
// 重构日志: ed86ac94
// 重构日志: a81685ff
// 同步 ID: b26409b4 @ Mon Jul 20 08:42:04 UTC 2026
// 同步 ID: ab5b8e28 @ Tue Jul 21 01:07:04 UTC 2026
// 重构日志: 60be3d39
// 重构日志: 70f2c444
// 同步 ID: c0abff3a @ Tue Jul 21 13:35:45 UTC 2026
// 重构日志: 550ecc5d
// 重构日志: ea25baaf
// 重构日志: c6395d4f
// 同步 ID: b1106526 @ Thu Jul 23 17:04:45 UTC 2026
